[23:20:09] [ServerMain/INFO]: Environment: Environment[sessionHost=https://sessionserver.mojang.com, servicesHost=https://api.minecraftservices.com, profilesHost=https://api.mojang.com, name=PROD]
[23:20:11] [ServerMain/INFO]: Loaded 1470 recipes
[23:20:11] [ServerMain/INFO]: Loaded 1584 advancements
[23:20:11] [Server thread/INFO]: Starting minecraft server version 1.21.11
[23:20:11] [Server thread/INFO]: Loading properties
[23:20:11] [Server thread/INFO]: Default game type: SURVIVAL
[23:20:11] [Server thread/INFO]: Generating keypair
[23:20:11] [Server thread/INFO]: Starting Minecraft server on *:25565
[23:20:11] [Server thread/WARN]: **** SERVER IS RUNNING IN OFFLINE/INSECURE MODE!
[23:20:11] [Server thread/WARN]: The server will make no attempt to authenticate usernames. Beware.
[23:20:11] [Server thread/WARN]: While this makes the game possible to play without internet access, it also opens up the ability for hackers to connect with any username they choose.
[23:20:11] [Server thread/WARN]: To change this, set "online-mode" to "true" in the server.properties file.
[23:20:11] [Server thread/INFO]: Preparing level "world"
[23:20:12] [Server thread/INFO]: Loading 0 persistent chunks...
[23:20:12] [Server thread/INFO]: Preparing spawn area: 100%
[23:20:12] [Server thread/INFO]: Time elapsed: 18 ms
[23:20:12] [Server thread/INFO]: Done (0.784s)! For help, type "help"
[23:20:49] [Server thread/INFO]: skrolx[/127.70.107.52:36739] logged in with entity id 75 at (374.0153579325743, 70.0, -242.98300273911548)
[23:20:49] [Server thread/INFO]: skrolx joined the game
[23:29:44] [Server thread/INFO]: [Not Secure] <skrolx> sy
[23:29:51] [Server thread/INFO]: [Not Secure] <skrolx> say{
[23:31:46] [Server thread/INFO]: Unknown or incomplete command. See below for error
[23:31:46] [Server thread/INFO]: ssay tici putasay tici puta<--[HERE]
[23:32:03] [Server thread/INFO]: [Not Secure] [Server] hola
[23:32:10] [Server thread/INFO]: [Not Secure] [Server] tici puta
[23:50:35] [Server thread/WARN]: skrolx moved too quickly! 10.285612882561281,-2.0381497496988885,15.422114164834738
[23:54:08] [Server thread/INFO]: skrolx lost connection: Disconnected
[23:54:31] [Server thread/INFO]: skrolx left the game
[23:54:31] [Server thread/WARN]: Can't keep up! Is the server overloaded? Running 23187ms or 463 ticks behind
[23:55:16] [Server thread/INFO]: Unknown or incomplete command. See below for error
[23:55:16] [Server thread/INFO]: ststop<--[HERE]
[23:55:31] [Server thread/INFO]: Server empty for 60 seconds, pausing
[23:55:41] [Server thread/INFO]: Stopping the server
[23:55:41] [Server thread/INFO]: Stopping server
[23:55:41] [Server thread/INFO]: Saving players
[23:55:41] [Server thread/INFO]: Saving worlds
[23:55:41] [Server thread/INFO]: Saving chunks for level 'ServerLevel[world]'/minecraft:overworld
[23:55:41] [Server thread/INFO]: Saving chunks for level 'ServerLevel[world]'/minecraft:the_nether
[23:55:41] [Server thread/INFO]: Saving chunks for level 'ServerLevel[world]'/minecraft:the_end
[23:55:41] [Server thread/INFO]: ThreadedAnvilChunkStorage (world): All chunks are saved
[23:55:41] [Server thread/INFO]: ThreadedAnvilChunkStorage (DIM-1): All chunks are saved
[23:55:41] [Server thread/INFO]: ThreadedAnvilChunkStorage (DIM1): All chunks are saved
[23:55:41] [Server thread/INFO]: ThreadedAnvilChunkStorage: All dimensions are saved
